::1 - - [06/Jan/2021:08:28:56 +0000] "GET /room/details/5 HTTP/1.1" 304 - "-" "Mozilla/5.0 (Macintosh; Intel Mac OS X 10_15_7) AppleWebKit/537.36 (KHTML, like Gecko) Chrome/87.0.4280.88 Safari/537.36"
::1 - - [06/Jan/2021:08:29:17 +0000] "GET /room/1 HTTP/1.1" 200 302 "-" "PostmanRuntime/7.26.8"
::1 - - [06/Jan/2021:08:56:58 +0000] "GET /main HTTP/1.1" - - "-" "Mozilla/5.0 (Macintosh; Intel Mac OS X 10_15_7) AppleWebKit/537.36 (KHTML, like Gecko) Chrome/87.0.4280.88 Safari/537.36"
::1 - - [06/Jan/2021:08:57:00 +0000] "GET /main HTTP/1.1" - - "-" "Mozilla/5.0 (Macintosh; Intel Mac OS X 10_15_7) AppleWebKit/537.36 (KHTML, like Gecko) Chrome/87.0.4280.88 Safari/537.36"
::1 - - [06/Jan/2021:08:57:09 +0000] "GET /main HTTP/1.1" - - "-" "Mozilla/5.0 (Macintosh; Intel Mac OS X 10_15_7) AppleWebKit/537.36 (KHTML, like Gecko) Chrome/87.0.4280.88 Safari/537.36"
::1 - - [06/Jan/2021:08:58:32 +0000] "GET /main HTTP/1.1" 200 8514 "-" "Mozilla/5.0 (Macintosh; Intel Mac OS X 10_15_7) AppleWebKit/537.36 (KHTML, like Gecko) Chrome/87.0.4280.88 Safari/537.36"
::1 - - [06/Jan/2021:08:58:35 +0000] "GET /main HTTP/1.1" 304 - "-" "Mozilla/5.0 (Macintosh; Intel Mac OS X 10_15_7) AppleWebKit/537.36 (KHTML, like Gecko) Chrome/87.0.4280.88 Safari/537.36"
::1 - - [06/Jan/2021:08:58:46 +0000] "GET /main HTTP/1.1" 304 - "-" "Mozilla/5.0 (Macintosh; Intel Mac OS X 10_15_7) AppleWebKit/537.36 (KHTML, like Gecko) Chrome/87.0.4280.88 Safari/537.36"
::1 - - [06/Jan/2021:09:00:05 +0000] "GET /main HTTP/1.1" 200 242 "-" "Mozilla/5.0 (Macintosh; Intel Mac OS X 10_15_7) AppleWebKit/537.36 (KHTML, like Gecko) Chrome/87.0.4280.88 Safari/537.36"
::1 - - [06/Jan/2021:09:38:06 +0000] "GET /main/film/2 HTTP/1.1" 200 - "-" "Mozilla/5.0 (Macintosh; Intel Mac OS X 10_15_7) AppleWebKit/537.36 (KHTML, like Gecko) Chrome/87.0.4280.88 Safari/537.36"
::1 - - [06/Jan/2021:09:38:14 +0000] "GET /main/film/1 HTTP/1.1" 200 - "-" "Mozilla/5.0 (Macintosh; Intel Mac OS X 10_15_7) AppleWebKit/537.36 (KHTML, like Gecko) Chrome/87.0.4280.88 Safari/537.36"
::1 - - [06/Jan/2021:09:39:17 +0000] "GET /main/film/1 HTTP/1.1" 200 - "-" "Mozilla/5.0 (Macintosh; Intel Mac OS X 10_15_7) AppleWebKit/537.36 (KHTML, like Gecko) Chrome/87.0.4280.88 Safari/537.36"
::1 - - [06/Jan/2021:09:39:18 +0000] "GET /main/film/1 HTTP/1.1" 200 - "-" "Mozilla/5.0 (Macintosh; Intel Mac OS X 10_15_7) AppleWebKit/537.36 (KHTML, like Gecko) Chrome/87.0.4280.88 Safari/537.36"
::1 - - [06/Jan/2021:09:39:19 +0000] "GET /main/film/1 HTTP/1.1" 200 - "-" "Mozilla/5.0 (Macintosh; Intel Mac OS X 10_15_7) AppleWebKit/537.36 (KHTML, like Gecko) Chrome/87.0.4280.88 Safari/537.36"
::1 - - [06/Jan/2021:09:39:20 +0000] "GET /main/film/1 HTTP/1.1" 200 - "-" "Mozilla/5.0 (Macintosh; Intel Mac OS X 10_15_7) AppleWebKit/537.36 (KHTML, like Gecko) Chrome/87.0.4280.88 Safari/537.36"
::1 - - [06/Jan/2021:09:39:48 +0000] "GET /main/film/1 HTTP/1.1" 200 - "-" "Mozilla/5.0 (Macintosh; Intel Mac OS X 10_15_7) AppleWebKit/537.36 (KHTML, like Gecko) Chrome/87.0.4280.88 Safari/537.36"
::1 - - [06/Jan/2021:09:40:10 +0000] "GET /main/film/1 HTTP/1.1" 200 75 "-" "Mozilla/5.0 (Macintosh; Intel Mac OS X 10_15_7) AppleWebKit/537.36 (KHTML, like Gecko) Chrome/87.0.4280.88 Safari/537.36"
::1 - - [06/Jan/2021:09:42:32 +0000] "POST /main/matiere/new/Scala HTTP/1.1" 404 162 "-" "PostmanRuntime/7.26.8"
::1 - - [06/Jan/2021:09:42:53 +0000] "GET /main/matiere/new/Scala HTTP/1.1" 200 91 "-" "PostmanRuntime/7.26.8"
::1 - - [06/Jan/2021:09:45:50 +0000] "POST /main/person HTTP/1.1" 200 92 "-" "PostmanRuntime/7.26.8"
::1 - - [06/Jan/2021:10:32:13 +0000] "GET /main/film/1 HTTP/1.1" 304 - "-" "Mozilla/5.0 (Macintosh; Intel Mac OS X 10_15_7) AppleWebKit/537.36 (KHTML, like Gecko) Chrome/87.0.4280.88 Safari/537.36"
